<?xml version="1.0" encoding="UTF-8"?>
<!-- Generated by org.testng.reporters.JUnitReportReporter -->
<testsuite hostname="LAPTOP-BMAF7UQC" failures="0" tests="1" name="testCases.TC001_AccountRegistrationTest" time="4.009" errors="0" timestamp="2024-08-01T20:55:10 IST" skipped="0">
  <testcase classname="testCases.TC001_AccountRegistrationTest" name="verify_account_Registration" time="4.009"/>
</testsuite> <!-- testCases.TC001_AccountRegistrationTest -->
