<?xml version="1.0" encoding="UTF-8"?>
<!-- Generated by org.testng.reporters.JUnitReportReporter -->
<testsuite hostname="LAPTOP-BMAF7UQC" failures="0" tests="1" name="testCases.TC002_LoginTest" time="2.188" errors="0" timestamp="2024-08-01T20:55:10 IST" skipped="0">
  <testcase classname="testCases.TC002_LoginTest" name="verify_login" time="2.188"/>
</testsuite> <!-- testCases.TC002_LoginTest -->
